<?xml version="1.0" encoding="UTF-8"?>
<!-- Generated by org.testng.reporters.JUnitXMLReporter -->
<testsuite hostname="DESKTOP-UT7PC9L" ignored="0" name="Grafana web" tests="5" failures="2" timestamp="2021-12-02T13:40:42 IST" time="80.076" errors="0">
  <testcase name="test01_loginToGrafana" time="7.666" classname="grafanaTests.grafanaWebTest"/>
  <testcase name="test02_addNewUser" time="8.361" classname="grafanaTests.grafanaWebTest"/>
  <testcase name="test03_deleteNewUser" time="13.049" classname="grafanaTests.grafanaWebTest"/>
  <testcase name="test04_addNewDashboard" time="6.456" classname="grafanaTests.grafanaWebTest">
    <failure type="org.openqa.selenium.ElementClickInterceptedException" message="element click intercepted: Element &amp;lt;div aria-label=&amp;quot;Add new panel&amp;quot;&amp;gt;...&amp;lt;/div&amp;gt; is not clickable at point (194, 175). Other element would receive the click: &amp;lt;a class=&amp;quot;css-1j1rze6&amp;quot; href=&amp;quot;/dashboard/new&amp;quot;&amp;gt;...&amp;lt;/a&amp;gt;
  (Session info: chrome=96.0.4664.45)
Build info: version: &amp;apos;3.141.59&amp;apos;, revision: &amp;apos;e82be7d358&amp;apos;, time: &amp;apos;2018-11-14T08:17:03&amp;apos;
System info: host: &amp;apos;DESKTOP-UT7PC9L&amp;apos;, ip: &amp;apos;10.215.130.222&amp;apos;, os.name: &amp;apos;Windows 10&amp;apos;, os.arch: &amp;apos;amd64&amp;apos;, os.version: &amp;apos;10.0&amp;apos;, java.version: &amp;apos;1.8.0_111&amp;apos;
Driver info: org.openqa.selenium.chrome.ChromeDriver
Capabilities {acceptInsecureCerts: false, browserName: chrome, browserVersion: 96.0.4664.45, chrome: {chromedriverVersion: 96.0.4664.45 (76e4c1bb2ab46..., userDataDir: C:\Windows\TEMP\scoped_dir3...}, goog:chromeOptions: {debuggerAddress: localhost:53901}, javascriptEnabled: true, networkConnectionEnabled: false, pageLoadStrategy: normal, platform: WINDOWS, platformName: WINDOWS, proxy: Proxy(), setWindowRect: true, strictFileInteractability: false, timeouts: {implicit: 0, pageLoad: 300000, script: 30000}, unhandledPromptBehavior: dismiss and notify, webauthn:extension:credBlob: true, webauthn:extension:largeBlob: true, webauthn:virtualAuthenticators: true}
Session ID: 070d157f6b81cf467b70b613ecbfd571">
      <![CDATA[org.openqa.selenium.ElementClickInterceptedException: element click intercepted: Element <div aria-label="Add new panel">...</div> is not clickable at point (194, 175). Other element would receive the click: <a class="css-1j1rze6" href="/dashboard/new">...</a>
  (Session info: chrome=96.0.4664.45)
Build info: version: '3.141.59', revision: 'e82be7d358', time: '2018-11-14T08:17:03'
System info: host: 'DESKTOP-UT7PC9L', ip: '10.215.130.222', os.name: 'Windows 10', os.arch: 'amd64', os.version: '10.0', java.version: '1.8.0_111'
Driver info: org.openqa.selenium.chrome.ChromeDriver
Capabilities {acceptInsecureCerts: false, browserName: chrome, browserVersion: 96.0.4664.45, chrome: {chromedriverVersion: 96.0.4664.45 (76e4c1bb2ab46..., userDataDir: C:\Windows\TEMP\scoped_dir3...}, goog:chromeOptions: {debuggerAddress: localhost:53901}, javascriptEnabled: true, networkConnectionEnabled: false, pageLoadStrategy: normal, platform: WINDOWS, platformName: WINDOWS, proxy: Proxy(), setWindowRect: true, strictFileInteractability: false, timeouts: {implicit: 0, pageLoad: 300000, script: 30000}, unhandledPromptBehavior: dismiss and notify, webauthn:extension:credBlob: true, webauthn:extension:largeBlob: true, webauthn:virtualAuthenticators: true}
Session ID: 070d157f6b81cf467b70b613ecbfd571
at org.openqa.selenium.remote.http.W3CHttpResponseCodec.createException(W3CHttpResponseCodec.java:187)
at org.openqa.selenium.remote.http.W3CHttpResponseCodec.decode(W3CHttpResponseCodec.java:122)
at org.openqa.selenium.remote.http.W3CHttpResponseCodec.decode(W3CHttpResponseCodec.java:49)
at org.openqa.selenium.remote.HttpCommandExecutor.execute(HttpCommandExecutor.java:158)
at org.openqa.selenium.remote.service.DriverCommandExecutor.execute(DriverCommandExecutor.java:83)
at org.openqa.selenium.remote.RemoteWebDriver.execute(RemoteWebDriver.java:552)
at org.openqa.selenium.remote.RemoteWebElement.execute(RemoteWebElement.java:285)
at org.openqa.selenium.remote.RemoteWebElement.click(RemoteWebElement.java:84)
at org.openqa.selenium.support.pagefactory.internal.LocatingElementHandler.invoke(LocatingElementHandler.java:51)
at com.sun.proxy.$Proxy13.click(Unknown Source)
at extensions.UIActions.click(UIActions.java:16)
at workFlows.WebFlows.dashBoardCreateAndVerify(WebFlows.java:44)
at grafanaTests.grafanaWebTest.test04_addNewDashboard(grafanaWebTest.java:30)
at java.util.ArrayList.forEach(ArrayList.java:1249)
... Removed 39 stack frames]]>
    </failure>
  </testcase> <!-- test04_addNewDashboard -->
  <testcase name="test05_checkPlugins" time="14.53" classname="grafanaTests.grafanaWebTest">
    <failure type="org.sikuli.script.FindFailed" message="D:\bal\Hackathon\Hackathon\SikuliPictures\mySql.PNG: (0x0) in R[0,0 1024x768]@S(0)">
      <![CDATA[FindFailed: D:\bal\Hackathon\Hackathon\SikuliPictures\mySql.PNG: (0x0) in R[0,0 1024x768]@S(0)
  Line 2226, in file Region.java

at org.sikuli.script.Region.wait(Region.java:2226)
at org.sikuli.script.Region.wait(Region.java:2244)
at org.sikuli.script.Region.getLocationFromTarget(Region.java:3298)
at org.sikuli.script.Region.click(Region.java:3916)
at Utillties.CommonOps.checkPlugins(CommonOps.java:151)
at grafanaTests.grafanaWebTest.test05_checkPlugins(grafanaWebTest.java:35)
at java.util.ArrayList.forEach(ArrayList.java:1249)
... Removed 31 stack frames]]>
    </failure>
  </testcase> <!-- test05_checkPlugins -->
</testsuite> <!-- Grafana web -->
