<?xml version="1.0" encoding="UTF-8"?>
<!-- Generated by org.testng.reporters.JUnitXMLReporter -->
<testsuite hostname="DESKTOP-UT7PC9L" ignored="0" name="Grafana API" tests="6" failures="6" timestamp="2021-12-02T08:35:50 IST" time="4.881" errors="0">
  <testcase name="test01_addUser" time="2.117" classname="grafanaTests.GrafanaApiTest">
    <failure type="java.lang.AssertionError" message="expected [200] but found [401]">
      <![CDATA[java.lang.AssertionError: expected [200] but found [401]
at workFlows.ApiFlows.postUser(ApiFlows.java:21)
at grafanaTests.GrafanaApiTest.test01_addUser(GrafanaApiTest.java:12)
at java.util.ArrayList.forEach(ArrayList.java:1249)
... Removed 36 stack frames]]>
    </failure>
  </testcase> <!-- test01_addUser -->
  <testcase name="test01_addUser" time="0.065" classname="grafanaTests.GrafanaApiTest">
    <failure type="java.lang.AssertionError" message="expected [200] but found [401]">
      <![CDATA[java.lang.AssertionError: expected [200] but found [401]
at workFlows.ApiFlows.postUser(ApiFlows.java:21)
at grafanaTests.GrafanaApiTest.test01_addUser(GrafanaApiTest.java:12)
at java.util.ArrayList.forEach(ArrayList.java:1249)
... Removed 36 stack frames]]>
    </failure>
  </testcase> <!-- test01_addUser -->
  <testcase name="test03_changePassword" time="0.08" classname="grafanaTests.GrafanaApiTest">
    <failure type="java.lang.AssertionError" message="expected [200] but found [401]">
      <![CDATA[java.lang.AssertionError: expected [200] but found [401]
at Utillties.Verification.verifyInt(Verification.java:32)
at workFlows.ApiFlows.changePassword(ApiFlows.java:37)
at grafanaTests.GrafanaApiTest.test03_changePassword(GrafanaApiTest.java:22)
at java.util.ArrayList.forEach(ArrayList.java:1249)
... Removed 36 stack frames]]>
    </failure>
  </testcase> <!-- test03_changePassword -->
  <testcase name="test04_checkIfAllUsersHaveID" time="0.117" classname="grafanaTests.GrafanaApiTest">
    <failure type="java.lang.AssertionError" message="expected [200] but found [401]">
      <![CDATA[java.lang.AssertionError: expected [200] but found [401]
at Utillties.Verification.verifyInt(Verification.java:32)
at Utillties.CommonOps.checkIfAllUsersHaveID(CommonOps.java:176)
at grafanaTests.GrafanaApiTest.test04_checkIfAllUsersHaveID(GrafanaApiTest.java:27)
at java.util.ArrayList.forEach(ArrayList.java:1249)
... Removed 36 stack frames]]>
    </failure>
  </testcase> <!-- test04_checkIfAllUsersHaveID -->
  <testcase name="test05_addFolders" time="0.027" classname="grafanaTests.GrafanaApiTest">
    <failure type="java.lang.AssertionError" message="expected [200] but found [401]">
      <![CDATA[java.lang.AssertionError: expected [200] but found [401]
at Utillties.Verification.verifyInt(Verification.java:32)
at workFlows.ApiFlows.postFolder(ApiFlows.java:29)
at grafanaTests.GrafanaApiTest.test05_addFolders(GrafanaApiTest.java:32)
at java.util.ArrayList.forEach(ArrayList.java:1249)
... Removed 36 stack frames]]>
    </failure>
  </testcase> <!-- test05_addFolders -->
  <testcase name="test06_DeleteFolder" time="0.027" classname="grafanaTests.GrafanaApiTest">
    <failure type="java.lang.AssertionError" message="expected [200] but found [401]">
      <![CDATA[java.lang.AssertionError: expected [200] but found [401]
at Utillties.Verification.verifyInt(Verification.java:32)
at workFlows.ApiFlows.deleteFolder(ApiFlows.java:53)
at grafanaTests.GrafanaApiTest.test06_DeleteFolder(GrafanaApiTest.java:37)
at java.util.ArrayList.forEach(ArrayList.java:1249)
... Removed 36 stack frames]]>
    </failure>
  </testcase> <!-- test06_DeleteFolder -->
</testsuite> <!-- Grafana API -->
